Build started 11-09-2021 5.16.19 PM.
     1>Project "F:\Github Repos\ThesaurusApp\ThesaurusApp\ThesaurusApp.vcxproj" on node 2 (build target(s)).
     1>InitializeBuildStatus:
         Creating "Debug\ThesaurusApp.unsuccessfulbuild" because "AlwaysCreate" was specified.
       ClCompile:
         All outputs are up-to-date.
         C:\Program Files (x86)\Microsoft Visual Studio 10.0\VC\bin\CL.exe /c /ZI /nologo /W3 /WX- /Od /Oy- /D WIN32 /D _DEBUG /D _CONSOLE /D _UNICODE /D UNICODE /Gm /EHsc /RTC1 /MDd /GS /fp:precise /Zc:wchar_t /Zc:forScope /Yu"StdAfx.h" /Fp"Debug\ThesaurusApp.pch" /Fo"Debug\\" /Fd"Debug\vc100.pdb" /Gd /TP /analyze- /errorReport:prompt ThesaurusApp.cpp
         ThesaurusApp.cpp
     1>f:\github repos\thesaurusapp\thesaurusapp\thesaurusapp.cpp(77): warning C4018: '<' : signed/unsigned mismatch
     1>f:\github repos\thesaurusapp\thesaurusapp\thesaurusapp.cpp(122): warning C4244: '=' : conversion from 'double' to 'long', possible loss of data
     1>f:\github repos\thesaurusapp\thesaurusapp\thesaurusapp.cpp(457): warning C4996: 'fopen': This function or variable may be unsafe. Consider using fopen_s instead. To disable deprecation, use _CRT_SECURE_NO_WARNINGS. See online help for details.
                 c:\program files (x86)\microsoft visual studio 10.0\vc\include\stdio.h(234) : see declaration of 'fopen'
     1>f:\github repos\thesaurusapp\thesaurusapp\thesaurusapp.cpp(462): warning C4996: 'fscanf': This function or variable may be unsafe. Consider using fscanf_s instead. To disable deprecation, use _CRT_SECURE_NO_WARNINGS. See online help for details.
                 c:\program files (x86)\microsoft visual studio 10.0\vc\include\stdio.h(253) : see declaration of 'fscanf'
     1>f:\github repos\thesaurusapp\thesaurusapp\thesaurusapp.cpp(467): warning C4996: 'fopen': This function or variable may be unsafe. Consider using fopen_s instead. To disable deprecation, use _CRT_SECURE_NO_WARNINGS. See online help for details.
                 c:\program files (x86)\microsoft visual studio 10.0\vc\include\stdio.h(234) : see declaration of 'fopen'
     1>f:\github repos\thesaurusapp\thesaurusapp\thesaurusapp.cpp(472): warning C4996: 'fscanf': This function or variable may be unsafe. Consider using fscanf_s instead. To disable deprecation, use _CRT_SECURE_NO_WARNINGS. See online help for details.
                 c:\program files (x86)\microsoft visual studio 10.0\vc\include\stdio.h(253) : see declaration of 'fscanf'
     1>f:\github repos\thesaurusapp\thesaurusapp\thesaurusapp.cpp(482): warning C4996: 'sprintf': This function or variable may be unsafe. Consider using sprintf_s instead. To disable deprecation, use _CRT_SECURE_NO_WARNINGS. See online help for details.
                 c:\program files (x86)\microsoft visual studio 10.0\vc\include\stdio.h(371) : see declaration of 'sprintf'
     1>f:\github repos\thesaurusapp\thesaurusapp\thesaurusapp.cpp(483): warning C4996: 'fopen': This function or variable may be unsafe. Consider using fopen_s instead. To disable deprecation, use _CRT_SECURE_NO_WARNINGS. See online help for details.
                 c:\program files (x86)\microsoft visual studio 10.0\vc\include\stdio.h(234) : see declaration of 'fopen'
     1>f:\github repos\thesaurusapp\thesaurusapp\thesaurusapp.cpp(488): warning C4996: 'fscanf': This function or variable may be unsafe. Consider using fscanf_s instead. To disable deprecation, use _CRT_SECURE_NO_WARNINGS. See online help for details.
                 c:\program files (x86)\microsoft visual studio 10.0\vc\include\stdio.h(253) : see declaration of 'fscanf'
     1>f:\github repos\thesaurusapp\thesaurusapp\thesaurusapp.cpp(494): warning C4258: 'i' : definition from the for loop is ignored; the definition from the enclosing scope is used
                 f:\github repos\thesaurusapp\thesaurusapp\thesaurusapp.cpp(484) : definition of 'i' ignored
                 f:\github repos\thesaurusapp\thesaurusapp\thesaurusapp.cpp(478) : definition of 'i' used
     1>f:\github repos\thesaurusapp\thesaurusapp\thesaurusapp.cpp(494): warning C4996: 'sprintf': This function or variable may be unsafe. Consider using sprintf_s instead. To disable deprecation, use _CRT_SECURE_NO_WARNINGS. See online help for details.
                 c:\program files (x86)\microsoft visual studio 10.0\vc\include\stdio.h(371) : see declaration of 'sprintf'
     1>f:\github repos\thesaurusapp\thesaurusapp\thesaurusapp.cpp(495): warning C4996: 'fopen': This function or variable may be unsafe. Consider using fopen_s instead. To disable deprecation, use _CRT_SECURE_NO_WARNINGS. See online help for details.
                 c:\program files (x86)\microsoft visual studio 10.0\vc\include\stdio.h(234) : see declaration of 'fopen'
     1>f:\github repos\thesaurusapp\thesaurusapp\thesaurusapp.cpp(500): warning C4996: 'fscanf': This function or variable may be unsafe. Consider using fscanf_s instead. To disable deprecation, use _CRT_SECURE_NO_WARNINGS. See online help for details.
                 c:\program files (x86)\microsoft visual studio 10.0\vc\include\stdio.h(253) : see declaration of 'fscanf'
     1>f:\github repos\thesaurusapp\thesaurusapp\thesaurusapp.cpp(557): warning C4996: 'sprintf': This function or variable may be unsafe. Consider using sprintf_s instead. To disable deprecation, use _CRT_SECURE_NO_WARNINGS. See online help for details.
                 c:\program files (x86)\microsoft visual studio 10.0\vc\include\stdio.h(371) : see declaration of 'sprintf'
     1>f:\github repos\thesaurusapp\thesaurusapp\thesaurusapp.cpp(558): warning C4996: 'fopen': This function or variable may be unsafe. Consider using fopen_s instead. To disable deprecation, use _CRT_SECURE_NO_WARNINGS. See online help for details.
                 c:\program files (x86)\microsoft visual studio 10.0\vc\include\stdio.h(234) : see declaration of 'fopen'
     1>f:\github repos\thesaurusapp\thesaurusapp\thesaurusapp.cpp(571): warning C4258: 'i' : definition from the for loop is ignored; the definition from the enclosing scope is used
                 f:\github repos\thesaurusapp\thesaurusapp\thesaurusapp.cpp(560) : definition of 'i' ignored
                 f:\github repos\thesaurusapp\thesaurusapp\thesaurusapp.cpp(554) : definition of 'i' used
     1>f:\github repos\thesaurusapp\thesaurusapp\thesaurusapp.cpp(571): warning C4996: 'sprintf': This function or variable may be unsafe. Consider using sprintf_s instead. To disable deprecation, use _CRT_SECURE_NO_WARNINGS. See online help for details.
                 c:\program files (x86)\microsoft visual studio 10.0\vc\include\stdio.h(371) : see declaration of 'sprintf'
     1>f:\github repos\thesaurusapp\thesaurusapp\thesaurusapp.cpp(572): warning C4996: 'fopen': This function or variable may be unsafe. Consider using fopen_s instead. To disable deprecation, use _CRT_SECURE_NO_WARNINGS. See online help for details.
                 c:\program files (x86)\microsoft visual studio 10.0\vc\include\stdio.h(234) : see declaration of 'fopen'
     1>f:\github repos\thesaurusapp\thesaurusapp\thesaurusapp.cpp(588): warning C4996: 'sprintf': This function or variable may be unsafe. Consider using sprintf_s instead. To disable deprecation, use _CRT_SECURE_NO_WARNINGS. See online help for details.
                 c:\program files (x86)\microsoft visual studio 10.0\vc\include\stdio.h(371) : see declaration of 'sprintf'
     1>f:\github repos\thesaurusapp\thesaurusapp\thesaurusapp.cpp(589): warning C4996: 'fopen': This function or variable may be unsafe. Consider using fopen_s instead. To disable deprecation, use _CRT_SECURE_NO_WARNINGS. See online help for details.
                 c:\program files (x86)\microsoft visual studio 10.0\vc\include\stdio.h(234) : see declaration of 'fopen'
     1>f:\github repos\thesaurusapp\thesaurusapp\thesaurusapp.cpp(602): warning C4996: 'sprintf': This function or variable may be unsafe. Consider using sprintf_s instead. To disable deprecation, use _CRT_SECURE_NO_WARNINGS. See online help for details.
                 c:\program files (x86)\microsoft visual studio 10.0\vc\include\stdio.h(371) : see declaration of 'sprintf'
     1>f:\github repos\thesaurusapp\thesaurusapp\thesaurusapp.cpp(603): warning C4996: 'fopen': This function or variable may be unsafe. Consider using fopen_s instead. To disable deprecation, use _CRT_SECURE_NO_WARNINGS. See online help for details.
                 c:\program files (x86)\microsoft visual studio 10.0\vc\include\stdio.h(234) : see declaration of 'fopen'
     1>f:\github repos\thesaurusapp\thesaurusapp\thesaurusapp.cpp(629): warning C4244: '=' : conversion from 'long double' to 'int', possible loss of data
     1>f:\github repos\thesaurusapp\thesaurusapp\thesaurusapp.cpp(635): warning C4244: '+=' : conversion from 'long double' to 'int', possible loss of data
     1>f:\github repos\thesaurusapp\thesaurusapp\thesaurusapp.cpp(815): warning C4258: 'i' : definition from the for loop is ignored; the definition from the enclosing scope is used
                 f:\github repos\thesaurusapp\thesaurusapp\thesaurusapp.cpp(805) : definition of 'i' ignored
                 f:\github repos\thesaurusapp\thesaurusapp\thesaurusapp.cpp(769) : definition of 'i' used
     1>f:\github repos\thesaurusapp\thesaurusapp\thesaurusapp.cpp(898): warning C4996: 'fopen': This function or variable may be unsafe. Consider using fopen_s instead. To disable deprecation, use _CRT_SECURE_NO_WARNINGS. See online help for details.
                 c:\program files (x86)\microsoft visual studio 10.0\vc\include\stdio.h(234) : see declaration of 'fopen'
     1>f:\github repos\thesaurusapp\thesaurusapp\thesaurusapp.cpp(903): warning C4996: 'fscanf': This function or variable may be unsafe. Consider using fscanf_s instead. To disable deprecation, use _CRT_SECURE_NO_WARNINGS. See online help for details.
                 c:\program files (x86)\microsoft visual studio 10.0\vc\include\stdio.h(253) : see declaration of 'fscanf'
     1>f:\github repos\thesaurusapp\thesaurusapp\thesaurusapp.cpp(911): warning C4996: 'fopen': This function or variable may be unsafe. Consider using fopen_s instead. To disable deprecation, use _CRT_SECURE_NO_WARNINGS. See online help for details.
                 c:\program files (x86)\microsoft visual studio 10.0\vc\include\stdio.h(234) : see declaration of 'fopen'
     1>f:\github repos\thesaurusapp\thesaurusapp\thesaurusapp.cpp(916): warning C4996: 'fscanf': This function or variable may be unsafe. Consider using fscanf_s instead. To disable deprecation, use _CRT_SECURE_NO_WARNINGS. See online help for details.
                 c:\program files (x86)\microsoft visual studio 10.0\vc\include\stdio.h(253) : see declaration of 'fscanf'
     1>f:\github repos\thesaurusapp\thesaurusapp\thesaurusapp.cpp(924): warning C4996: 'fopen': This function or variable may be unsafe. Consider using fopen_s instead. To disable deprecation, use _CRT_SECURE_NO_WARNINGS. See online help for details.
                 c:\program files (x86)\microsoft visual studio 10.0\vc\include\stdio.h(234) : see declaration of 'fopen'
     1>f:\github repos\thesaurusapp\thesaurusapp\thesaurusapp.cpp(929): warning C4996: 'fscanf': This function or variable may be unsafe. Consider using fscanf_s instead. To disable deprecation, use _CRT_SECURE_NO_WARNINGS. See online help for details.
                 c:\program files (x86)\microsoft visual studio 10.0\vc\include\stdio.h(253) : see declaration of 'fscanf'
     1>f:\github repos\thesaurusapp\thesaurusapp\thesaurusapp.cpp(937): warning C4996: 'fopen': This function or variable may be unsafe. Consider using fopen_s instead. To disable deprecation, use _CRT_SECURE_NO_WARNINGS. See online help for details.
                 c:\program files (x86)\microsoft visual studio 10.0\vc\include\stdio.h(234) : see declaration of 'fopen'
     1>f:\github repos\thesaurusapp\thesaurusapp\thesaurusapp.cpp(946): warning C4996: 'fscanf': This function or variable may be unsafe. Consider using fscanf_s instead. To disable deprecation, use _CRT_SECURE_NO_WARNINGS. See online help for details.
                 c:\program files (x86)\microsoft visual studio 10.0\vc\include\stdio.h(253) : see declaration of 'fscanf'
     1>f:\github repos\thesaurusapp\thesaurusapp\thesaurusapp.cpp(977): warning C4996: 'sprintf': This function or variable may be unsafe. Consider using sprintf_s instead. To disable deprecation, use _CRT_SECURE_NO_WARNINGS. See online help for details.
                 c:\program files (x86)\microsoft visual studio 10.0\vc\include\stdio.h(371) : see declaration of 'sprintf'
     1>f:\github repos\thesaurusapp\thesaurusapp\thesaurusapp.cpp(978): warning C4996: 'fopen': This function or variable may be unsafe. Consider using fopen_s instead. To disable deprecation, use _CRT_SECURE_NO_WARNINGS. See online help for details.
                 c:\program files (x86)\microsoft visual studio 10.0\vc\include\stdio.h(234) : see declaration of 'fopen'
     1>f:\github repos\thesaurusapp\thesaurusapp\thesaurusapp.cpp(985): warning C4996: 'fscanf': This function or variable may be unsafe. Consider using fscanf_s instead. To disable deprecation, use _CRT_SECURE_NO_WARNINGS. See online help for details.
                 c:\program files (x86)\microsoft visual studio 10.0\vc\include\stdio.h(253) : see declaration of 'fscanf'
     1>f:\github repos\thesaurusapp\thesaurusapp\thesaurusapp.cpp(998): warning C4018: '<' : signed/unsigned mismatch
     1>f:\github repos\thesaurusapp\thesaurusapp\thesaurusapp.cpp(1034): warning C4996: 'sprintf': This function or variable may be unsafe. Consider using sprintf_s instead. To disable deprecation, use _CRT_SECURE_NO_WARNINGS. See online help for details.
                 c:\program files (x86)\microsoft visual studio 10.0\vc\include\stdio.h(371) : see declaration of 'sprintf'
     1>f:\github repos\thesaurusapp\thesaurusapp\thesaurusapp.cpp(1035): warning C4996: 'fopen': This function or variable may be unsafe. Consider using fopen_s instead. To disable deprecation, use _CRT_SECURE_NO_WARNINGS. See online help for details.
                 c:\program files (x86)\microsoft visual studio 10.0\vc\include\stdio.h(234) : see declaration of 'fopen'
     1>f:\github repos\thesaurusapp\thesaurusapp\thesaurusapp.cpp(1042): warning C4996: 'fscanf': This function or variable may be unsafe. Consider using fscanf_s instead. To disable deprecation, use _CRT_SECURE_NO_WARNINGS. See online help for details.
                 c:\program files (x86)\microsoft visual studio 10.0\vc\include\stdio.h(253) : see declaration of 'fscanf'
     1>f:\github repos\thesaurusapp\thesaurusapp\thesaurusapp.cpp(1044): warning C4996: 'fscanf': This function or variable may be unsafe. Consider using fscanf_s instead. To disable deprecation, use _CRT_SECURE_NO_WARNINGS. See online help for details.
                 c:\program files (x86)\microsoft visual studio 10.0\vc\include\stdio.h(253) : see declaration of 'fscanf'
     1>f:\github repos\thesaurusapp\thesaurusapp\thesaurusapp.cpp(1052): warning C4996: 'sprintf': This function or variable may be unsafe. Consider using sprintf_s instead. To disable deprecation, use _CRT_SECURE_NO_WARNINGS. See online help for details.
                 c:\program files (x86)\microsoft visual studio 10.0\vc\include\stdio.h(371) : see declaration of 'sprintf'
     1>f:\github repos\thesaurusapp\thesaurusapp\thesaurusapp.cpp(1053): warning C4996: 'fopen': This function or variable may be unsafe. Consider using fopen_s instead. To disable deprecation, use _CRT_SECURE_NO_WARNINGS. See online help for details.
                 c:\program files (x86)\microsoft visual studio 10.0\vc\include\stdio.h(234) : see declaration of 'fopen'
     1>f:\github repos\thesaurusapp\thesaurusapp\thesaurusapp.cpp(1060): warning C4996: 'fscanf': This function or variable may be unsafe. Consider using fscanf_s instead. To disable deprecation, use _CRT_SECURE_NO_WARNINGS. See online help for details.
                 c:\program files (x86)\microsoft visual studio 10.0\vc\include\stdio.h(253) : see declaration of 'fscanf'
     1>f:\github repos\thesaurusapp\thesaurusapp\thesaurusapp.cpp(1062): warning C4996: 'fscanf': This function or variable may be unsafe. Consider using fscanf_s instead. To disable deprecation, use _CRT_SECURE_NO_WARNINGS. See online help for details.
                 c:\program files (x86)\microsoft visual studio 10.0\vc\include\stdio.h(253) : see declaration of 'fscanf'
     1>f:\github repos\thesaurusapp\thesaurusapp\thesaurusapp.cpp(1077): warning C4996: 'fopen': This function or variable may be unsafe. Consider using fopen_s instead. To disable deprecation, use _CRT_SECURE_NO_WARNINGS. See online help for details.
                 c:\program files (x86)\microsoft visual studio 10.0\vc\include\stdio.h(234) : see declaration of 'fopen'
     1>f:\github repos\thesaurusapp\thesaurusapp\thesaurusapp.cpp(1083): warning C4996: 'fscanf': This function or variable may be unsafe. Consider using fscanf_s instead. To disable deprecation, use _CRT_SECURE_NO_WARNINGS. See online help for details.
                 c:\program files (x86)\microsoft visual studio 10.0\vc\include\stdio.h(253) : see declaration of 'fscanf'
     1>f:\github repos\thesaurusapp\thesaurusapp\thesaurusapp.cpp(1106): warning C4018: '<' : signed/unsigned mismatch
     1>f:\github repos\thesaurusapp\thesaurusapp\thesaurusapp.cpp(1146): warning C4996: 'sprintf': This function or variable may be unsafe. Consider using sprintf_s instead. To disable deprecation, use _CRT_SECURE_NO_WARNINGS. See online help for details.
                 c:\program files (x86)\microsoft visual studio 10.0\vc\include\stdio.h(371) : see declaration of 'sprintf'
     1>f:\github repos\thesaurusapp\thesaurusapp\thesaurusapp.cpp(1147): warning C4996: 'fopen': This function or variable may be unsafe. Consider using fopen_s instead. To disable deprecation, use _CRT_SECURE_NO_WARNINGS. See online help for details.
                 c:\program files (x86)\microsoft visual studio 10.0\vc\include\stdio.h(234) : see declaration of 'fopen'
     1>f:\github repos\thesaurusapp\thesaurusapp\thesaurusapp.cpp(1154): warning C4996: 'fscanf': This function or variable may be unsafe. Consider using fscanf_s instead. To disable deprecation, use _CRT_SECURE_NO_WARNINGS. See online help for details.
                 c:\program files (x86)\microsoft visual studio 10.0\vc\include\stdio.h(253) : see declaration of 'fscanf'
     1>f:\github repos\thesaurusapp\thesaurusapp\thesaurusapp.cpp(1166): warning C4018: '<' : signed/unsigned mismatch
     1>f:\github repos\thesaurusapp\thesaurusapp\thesaurusapp.cpp(1183): warning C4258: 'i' : definition from the for loop is ignored; the definition from the enclosing scope is used
                 f:\github repos\thesaurusapp\thesaurusapp\thesaurusapp.cpp(1166) : definition of 'i' ignored
                 f:\github repos\thesaurusapp\thesaurusapp\thesaurusapp.cpp(1140) : definition of 'i' used
     1>f:\github repos\thesaurusapp\thesaurusapp\thesaurusapp.cpp(1138): warning C4101: 'max_index' : unreferenced local variable
     1>f:\github repos\thesaurusapp\thesaurusapp\thesaurusapp.cpp(1139): warning C4101: 'max_v' : unreferenced local variable
     1>f:\github repos\thesaurusapp\thesaurusapp\thesaurusapp.cpp(1200): warning C4996: 'fopen': This function or variable may be unsafe. Consider using fopen_s instead. To disable deprecation, use _CRT_SECURE_NO_WARNINGS. See online help for details.
                 c:\program files (x86)\microsoft visual studio 10.0\vc\include\stdio.h(234) : see declaration of 'fopen'
     1>f:\github repos\thesaurusapp\thesaurusapp\thesaurusapp.cpp(1206): warning C4996: 'fscanf': This function or variable may be unsafe. Consider using fscanf_s instead. To disable deprecation, use _CRT_SECURE_NO_WARNINGS. See online help for details.
                 c:\program files (x86)\microsoft visual studio 10.0\vc\include\stdio.h(253) : see declaration of 'fscanf'
     1>f:\github repos\thesaurusapp\thesaurusapp\thesaurusapp.cpp(1228): warning C4018: '<' : signed/unsigned mismatch
     1>f:\github repos\thesaurusapp\thesaurusapp\thesaurusapp.cpp(1194): warning C4101: 'max_index' : unreferenced local variable
     1>f:\github repos\thesaurusapp\thesaurusapp\thesaurusapp.cpp(1195): warning C4101: 'max_v' : unreferenced local variable
     1>f:\github repos\thesaurusapp\thesaurusapp\thesaurusapp.cpp(1265): warning C4996: 'scanf': This function or variable may be unsafe. Consider using scanf_s instead. To disable deprecation, use _CRT_SECURE_NO_WARNINGS. See online help for details.
                 c:\program files (x86)\microsoft visual studio 10.0\vc\include\stdio.h(304) : see declaration of 'scanf'
     1>f:\github repos\thesaurusapp\thesaurusapp\thesaurusapp.cpp(1274): warning C4996: 'scanf': This function or variable may be unsafe. Consider using scanf_s instead. To disable deprecation, use _CRT_SECURE_NO_WARNINGS. See online help for details.
                 c:\program files (x86)\microsoft visual studio 10.0\vc\include\stdio.h(304) : see declaration of 'scanf'
     1>f:\github repos\thesaurusapp\thesaurusapp\thesaurusapp.cpp(1281): warning C4996: 'scanf': This function or variable may be unsafe. Consider using scanf_s instead. To disable deprecation, use _CRT_SECURE_NO_WARNINGS. See online help for details.
                 c:\program files (x86)\microsoft visual studio 10.0\vc\include\stdio.h(304) : see declaration of 'scanf'
       ManifestResourceCompile:
         All outputs are up-to-date.
       Link:
         C:\Program Files (x86)\Microsoft Visual Studio 10.0\VC\bin\link.exe /ERRORREPORT:PROMPT /OUT:"F:\Github Repos\ThesaurusApp\Debug\ThesaurusApp.exe" /INCREMENTAL /NOLOGO kernel32.lib user32.lib gdi32.lib winspool.lib comdlg32.lib advapi32.lib shell32.lib ole32.lib oleaut32.lib uuid.lib odbc32.lib odbccp32.lib /MANIFEST /ManifestFile:"Debug\ThesaurusApp.exe.intermediate.manifest" /MANIFESTUAC:"level='asInvoker' uiAccess='false'" /DEBUG /PDB:"F:\Github Repos\ThesaurusApp\Debug\ThesaurusApp.pdb" /SUBSYSTEM:CONSOLE /TLBID:1 /DYNAMICBASE /NXCOMPAT /IMPLIB:"F:\Github Repos\ThesaurusApp\Debug\ThesaurusApp.lib" /MACHINE:X86 Debug\ThesaurusApp.exe.embed.manifest.res
         Debug\stdafx.obj
         Debug\ThesaurusApp.obj
       Manifest:
         C:\Program Files (x86)\Microsoft SDKs\Windows\v7.0A\bin\mt.exe /nologo /verbose /out:"Debug\ThesaurusApp.exe.embed.manifest" /manifest Debug\ThesaurusApp.exe.intermediate.manifest
         All outputs are up-to-date.
       LinkEmbedManifest:
         All outputs are up-to-date.
         ThesaurusApp.vcxproj -> F:\Github Repos\ThesaurusApp\Debug\ThesaurusApp.exe
       FinalizeBuildStatus:
         Deleting file "Debug\ThesaurusApp.unsuccessfulbuild".
         Touching "Debug\ThesaurusApp.lastbuildstate".
     1>Done Building Project "F:\Github Repos\ThesaurusApp\ThesaurusApp\ThesaurusApp.vcxproj" (build target(s)).

Build succeeded.

Time Elapsed 00:00:15.08
